# JRE version: Java(TM) SE Runtime Environment (8.0_65-b17) (build 1.8.0_65-b17)
# Java VM: Java HotSpot(TM) 64-Bit Server VM (25.65-b01 mixed mode windows-amd64 compressed oops)
Heap:
 PSYoungGen      total 777216K, used 284831K [0x000000076ab00000, 0x00000007a7280000, 0x00000007c0000000)
  eden space 594432K, 30% used [0x000000076ab00000,0x0000000775c1e600,0x000000078ef80000)
  from space 182784K, 56% used [0x000000079a900000,0x00000007a0e09600,0x00000007a5b80000)
  to   space 189952K, 0% used [0x000000078ef80000,0x000000078ef80000,0x000000079a900000)
 ParOldGen       total 622592K, used 390811K [0x00000006c0000000, 0x00000006e6000000, 0x000000076ab00000)
  object space 622592K, 62% used [0x00000006c0000000,0x00000006d7da6cf8,0x00000006e6000000)
 Metaspace       used 6647K, capacity 7320K, committed 7680K, reserved 1056768K
  class space    used 626K, capacity 656K, committed 768K, reserved 1048576K
GC Heap History (10 events):
Event: 12.126 GC heap before
{Heap before GC invocations=13 (full 2):
 PSYoungGen      total 473600K, used 466871K [0x000000076ab00000, 0x0000000793500000, 0x00000007c0000000)
  eden space 458240K, 100% used [0x000000076ab00000,0x0000000786a80000,0x0000000786a80000)
  from space 15360K, 56% used [0x000000078cf80000,0x000000078d7edf48,0x000000078de80000)
  to   space 103424K, 0% used [0x0000000786a80000,0x0000000786a80000,0x000000078cf80000)
 ParOldGen       total 360960K, used 201318K [0x00000006c0000000, 0x00000006d6080000, 0x000000076ab00000)
  object space 360960K, 55% used [0x00000006c0000000,0x00000006cc499958,0x00000006d6080000)
 Metaspace       used 6634K, capacity 7320K, committed 7680K, reserved 1056768K
  class space    used 626K, capacity 656K, committed 768K, reserved 1048576K
Event: 12.326 GC heap after
Heap after GC invocations=13 (full 2):
 PSYoungGen      total 561664K, used 72926K [0x000000076ab00000, 0x0000000798e00000, 0x00000007c0000000)
  eden space 458240K, 0% used [0x000000076ab00000,0x000000076ab00000,0x0000000786a80000)
  from space 103424K, 70% used [0x0000000786a80000,0x000000078b1b78e8,0x000000078cf80000)
  to   space 110080K, 0% used [0x0000000792280000,0x0000000792280000,0x0000000798e00000)
 ParOldGen       total 360960K, used 206035K [0x00000006c0000000, 0x00000006d6080000, 0x000000076ab00000)
  object space 360960K, 57% used [0x00000006c0000000,0x00000006cc934f90,0x00000006d6080000)
 Metaspace       used 6634K, capacity 7320K, committed 7680K, reserved 1056768K
  class space    used 626K, capacity 656K, committed 768K, reserved 1048576K
}
Event: 13.889 GC heap before
{Heap before GC invocations=14 (full 2):
 PSYoungGen      total 561664K, used 531166K [0x000000076ab00000, 0x0000000798e00000, 0x00000007c0000000)
  eden space 458240K, 100% used [0x000000076ab00000,0x0000000786a80000,0x0000000786a80000)
  from space 103424K, 70% used [0x0000000786a80000,0x000000078b1b78e8,0x000000078cf80000)
  to   space 110080K, 0% used [0x0000000792280000,0x0000000792280000,0x0000000798e00000)
 ParOldGen       total 360960K, used 206035K [0x00000006c0000000, 0x00000006d6080000, 0x000000076ab00000)
  object space 360960K, 57% used [0x00000006c0000000,0x00000006cc934f90,0x00000006d6080000)
 Metaspace       used 6640K, capacity 7320K, committed 7680K, reserved 1056768K
  class space    used 626K, capacity 656K, committed 768K, reserved 1048576K
Event: 14.101 GC heap after
Heap after GC invocations=14 (full 2):
 PSYoungGen      total 615936K, used 110050K [0x000000076ab00000, 0x000000079ce00000, 0x00000007c0000000)
  eden space 505856K, 0% used [0x000000076ab00000,0x000000076ab00000,0x0000000789900000)
  from space 110080K, 99% used [0x0000000792280000,0x0000000798df8808,0x0000000798e00000)
  to   space 140800K, 0% used [0x0000000789900000,0x0000000789900000,0x0000000792280000)
 ParOldGen       total 360960K, used 238145K [0x00000006c0000000, 0x00000006d6080000, 0x000000076ab00000)
  object space 360960K, 65% used [0x00000006c0000000,0x00000006ce8905e0,0x00000006d6080000)
 Metaspace       used 6640K, capacity 7320K, committed 7680K, reserved 1056768K
  class space    used 626K, capacity 656K, committed 768K, reserved 1048576K
}
Event: 15.901 GC heap before
{Heap before GC invocations=15 (full 2):
 PSYoungGen      total 615936K, used 615906K [0x000000076ab00000, 0x000000079ce00000, 0x00000007c0000000)
  eden space 505856K, 100% used [0x000000076ab00000,0x0000000789900000,0x0000000789900000)
  from space 110080K, 99% used [0x0000000792280000,0x0000000798df8808,0x0000000798e00000)
  to   space 140800K, 0% used [0x0000000789900000,0x0000000789900000,0x0000000792280000)
 ParOldGen       total 360960K, used 238145K [0x00000006c0000000, 0x00000006d6080000, 0x000000076ab00000)
  object space 360960K, 65% used [0x00000006c0000000,0x00000006ce8905e0,0x00000006d6080000)
 Metaspace       used 6645K, capacity 7320K, committed 7680K, reserved 1056768K
  class space    used 626K, capacity 656K, committed 768K, reserved 1048576K
Event: 16.174 GC heap after
Heap after GC invocations=15 (full 2):
 PSYoungGen      total 646656K, used 140768K [0x000000076ab00000, 0x00000007a5b80000, 0x00000007c0000000)
  eden space 505856K, 0% used [0x000000076ab00000,0x000000076ab00000,0x0000000789900000)
  from space 140800K, 99% used [0x0000000789900000,0x0000000792278170,0x0000000792280000)
  to   space 182784K, 0% used [0x000000079a900000,0x000000079a900000,0x00000007a5b80000)
 ParOldGen       total 360960K, used 286101K [0x00000006c0000000, 0x00000006d6080000, 0x000000076ab00000)
  object space 360960K, 79% used [0x00000006c0000000,0x00000006d17657f0,0x00000006d6080000)
 Metaspace       used 6645K, capacity 7320K, committed 7680K, reserved 1056768K
  class space    used 626K, capacity 656K, committed 768K, reserved 1048576K
}
Event: 17.900 GC heap before
{Heap before GC invocations=16 (full 2):
 PSYoungGen      total 646656K, used 646624K [0x000000076ab00000, 0x00000007a5b80000, 0x00000007c0000000)
  eden space 505856K, 100% used [0x000000076ab00000,0x0000000789900000,0x0000000789900000)
  from space 140800K, 99% used [0x0000000789900000,0x0000000792278170,0x0000000792280000)
  to   space 182784K, 0% used [0x000000079a900000,0x000000079a900000,0x00000007a5b80000)
 ParOldGen       total 360960K, used 286101K [0x00000006c0000000, 0x00000006d6080000, 0x000000076ab00000)
  object space 360960K, 79% used [0x00000006c0000000,0x00000006d17657f0,0x00000006d6080000)
 Metaspace       used 6646K, capacity 7320K, committed 7680K, reserved 1056768K
  class space    used 626K, capacity 656K, committed 768K, reserved 1048576K
Event: 18.256 GC heap after
Heap after GC invocations=16 (full 2):
 PSYoungGen      total 777216K, used 115730K [0x000000076ab00000, 0x00000007a7280000, 0x00000007c0000000)
  eden space 594432K, 0% used [0x000000076ab00000,0x000000076ab00000,0x000000078ef80000)
  from space 182784K, 63% used [0x000000079a900000,0x00000007a1a04978,0x00000007a5b80000)
  to   space 189952K, 0% used [0x000000078ef80000,0x000000078ef80000,0x000000079a900000)
 ParOldGen       total 391168K, used 391130K [0x00000006c0000000, 0x00000006d7e00000, 0x000000076ab00000)
  object space 391168K, 99% used [0x00000006c0000000,0x00000006d7df69a8,0x00000006d7e00000)
 Metaspace       used 6646K, capacity 7320K, committed 7680K, reserved 1056768K
  class space    used 626K, capacity 656K, committed 768K, reserved 1048576K
}
Event: 18.256 GC heap before
{Heap before GC invocations=17 (full 3):
 PSYoungGen      total 777216K, used 115730K [0x000000076ab00000, 0x00000007a7280000, 0x00000007c0000000)
  eden space 594432K, 0% used [0x000000076ab00000,0x000000076ab00000,0x000000078ef80000)
  from space 182784K, 63% used [0x000000079a900000,0x00000007a1a04978,0x00000007a5b80000)
  to   space 189952K, 0% used [0x000000078ef80000,0x000000078ef80000,0x000000079a900000)
 ParOldGen       total 391168K, used 391130K [0x00000006c0000000, 0x00000006d7e00000, 0x000000076ab00000)
  object space 391168K, 99% used [0x00000006c0000000,0x00000006d7df69a8,0x00000006d7e00000)
 Metaspace       used 6646K, capacity 7320K, committed 7680K, reserved 1056768K
  class space    used 626K, capacity 656K, committed 768K, reserved 1048576K
Event: 20.468 GC heap after
Heap after GC invocations=17 (full 3):
 PSYoungGen      total 777216K, used 103461K [0x000000076ab00000, 0x00000007a7280000, 0x00000007c0000000)
  eden space 594432K, 0% used [0x000000076ab00000,0x000000076ab00000,0x000000078ef80000)
  from space 182784K, 56% used [0x000000079a900000,0x00000007a0e09600,0x00000007a5b80000)
  to   space 189952K, 0% used [0x000000078ef80000,0x000000078ef80000,0x000000079a900000)
 ParOldGen       total 622592K, used 390811K [0x00000006c0000000, 0x00000006e6000000, 0x000000076ab00000)
  object space 622592K, 62% used [0x00000006c0000000,0x00000006d7da6cf8,0x00000006e6000000)
 Metaspace       used 6646K, capacity 7320K, committed 7680K, reserved 1056768K
  class space    used 626K, capacity 656K, committed 768K, reserved 1048576K
}

