# JRE version: Java(TM) SE Runtime Environment (8.0_101-b13) (build 1.8.0_101-b13)
# Java VM: Java HotSpot(TM) 64-Bit Server VM (25.101-b13 mixed mode windows-amd64 compressed oops)
Heap:
 PSYoungGen      total 924672K, used 137285K [0x000000076ab00000, 0x00000007c0000000, 0x00000007c0000000)
  eden space 643072K, 12% used [0x000000076ab00000,0x000000076f821b88,0x0000000791f00000)
  from space 281600K, 20% used [0x0000000791f00000,0x00000007957efc20,0x00000007a3200000)
  to   space 404992K, 0% used [0x00000007a7480000,0x00000007a7480000,0x00000007c0000000)
 ParOldGen       total 1572352K, used 1134836K [0x00000006c0000000, 0x000000071ff80000, 0x000000076ab00000)
  object space 1572352K, 72% used [0x00000006c0000000,0x000000070543d138,0x000000071ff80000)
 Metaspace       used 7066K, capacity 7672K, committed 7936K, reserved 1056768K
  class space    used 649K, capacity 688K, committed 768K, reserved 1048576K
GC Heap History (10 events):
Event: 33.721 GC heap before
{Heap before GC invocations=27 (full 5):
 PSYoungGen      total 872960K, used 852753K [0x000000076ab00000, 0x00000007b4980000, 0x00000007c0000000)
  eden space 673792K, 100% used [0x000000076ab00000,0x0000000793d00000,0x0000000793d00000)
  from space 199168K, 89% used [0x0000000793d00000,0x000000079ebc4478,0x000000079ff80000)
  to   space 223744K, 0% used [0x00000007a6f00000,0x00000007a6f00000,0x00000007b4980000)
 ParOldGen       total 1135104K, used 769883K [0x00000006c0000000, 0x0000000705480000, 0x000000076ab00000)
  object space 1135104K, 67% used [0x00000006c0000000,0x00000006eefd6cb8,0x0000000705480000)
 Metaspace       used 6813K, capacity 7384K, committed 7680K, reserved 1056768K
  class space    used 636K, capacity 656K, committed 768K, reserved 1048576K
Event: 34.094 GC heap after
Heap after GC invocations=27 (full 5):
 PSYoungGen      total 928768K, used 223735K [0x000000076ab00000, 0x00000007bc080000, 0x00000007c0000000)
  eden space 705024K, 0% used [0x000000076ab00000,0x000000076ab00000,0x0000000795b80000)
  from space 223744K, 99% used [0x00000007a6f00000,0x00000007b497df50,0x00000007b4980000)
  to   space 282112K, 0% used [0x0000000795b80000,0x0000000795b80000,0x00000007a6f00000)
 ParOldGen       total 1135104K, used 829863K [0x00000006c0000000, 0x0000000705480000, 0x000000076ab00000)
  object space 1135104K, 73% used [0x00000006c0000000,0x00000006f2a69ca8,0x0000000705480000)
 Metaspace       used 6813K, capacity 7384K, committed 7680K, reserved 1056768K
  class space    used 636K, capacity 656K, committed 768K, reserved 1048576K
}
Event: 34.877 GC heap before
{Heap before GC invocations=28 (full 5):
 PSYoungGen      total 928768K, used 928759K [0x000000076ab00000, 0x00000007bc080000, 0x00000007c0000000)
  eden space 705024K, 100% used [0x000000076ab00000,0x0000000795b80000,0x0000000795b80000)
  from space 223744K, 99% used [0x00000007a6f00000,0x00000007b497df50,0x00000007b4980000)
  to   space 282112K, 0% used [0x0000000795b80000,0x0000000795b80000,0x00000007a6f00000)
 ParOldGen       total 1135104K, used 829863K [0x00000006c0000000, 0x0000000705480000, 0x000000076ab00000)
  object space 1135104K, 73% used [0x00000006c0000000,0x00000006f2a69ca8,0x0000000705480000)
 Metaspace       used 6813K, capacity 7384K, committed 7680K, reserved 1056768K
  class space    used 636K, capacity 656K, committed 768K, reserved 1048576K
Event: 35.257 GC heap after
Heap after GC invocations=28 (full 5):
 PSYoungGen      total 987136K, used 237781K [0x000000076ab00000, 0x00000007c0000000, 0x00000007c0000000)
  eden space 705024K, 0% used [0x000000076ab00000,0x000000076ab00000,0x0000000795b80000)
  from space 282112K, 84% used [0x0000000795b80000,0x00000007a43b5600,0x00000007a6f00000)
  to   space 312320K, 0% used [0x00000007acf00000,0x00000007acf00000,0x00000007c0000000)
 ParOldGen       total 1135104K, used 927448K [0x00000006c0000000, 0x0000000705480000, 0x000000076ab00000)
  object space 1135104K, 81% used [0x00000006c0000000,0x00000006f89b61c8,0x0000000705480000)
 Metaspace       used 6813K, capacity 7384K, committed 7680K, reserved 1056768K
  class space    used 636K, capacity 656K, committed 768K, reserved 1048576K
}
Event: 36.717 GC heap before
{Heap before GC invocations=29 (full 5):
 PSYoungGen      total 987136K, used 942805K [0x000000076ab00000, 0x00000007c0000000, 0x00000007c0000000)
  eden space 705024K, 100% used [0x000000076ab00000,0x0000000795b80000,0x0000000795b80000)
  from space 282112K, 84% used [0x0000000795b80000,0x00000007a43b5600,0x00000007a6f00000)
  to   space 312320K, 0% used [0x00000007acf00000,0x00000007acf00000,0x00000007c0000000)
 ParOldGen       total 1135104K, used 927448K [0x00000006c0000000, 0x0000000705480000, 0x000000076ab00000)
  object space 1135104K, 81% used [0x00000006c0000000,0x00000006f89b61c8,0x0000000705480000)
 Metaspace       used 6833K, capacity 7448K, committed 7680K, reserved 1056768K
  class space    used 636K, capacity 656K, committed 768K, reserved 1048576K
Event: 37.466 GC heap after
Heap after GC invocations=29 (full 5):
 PSYoungGen      total 955392K, used 312293K [0x000000076ab00000, 0x00000007c0000000, 0x00000007c0000000)
  eden space 643072K, 0% used [0x000000076ab00000,0x000000076ab00000,0x0000000791f00000)
  from space 312320K, 99% used [0x00000007acf00000,0x00000007bfff9588,0x00000007c0000000)
  to   space 377344K, 0% used [0x0000000791f00000,0x0000000791f00000,0x00000007a8f80000)
 ParOldGen       total 1135104K, used 965634K [0x00000006c0000000, 0x0000000705480000, 0x000000076ab00000)
  object space 1135104K, 85% used [0x00000006c0000000,0x00000006faf00938,0x0000000705480000)
 Metaspace       used 6833K, capacity 7448K, committed 7680K, reserved 1056768K
  class space    used 636K, capacity 656K, committed 768K, reserved 1048576K
}
Event: 39.004 GC heap before
{Heap before GC invocations=30 (full 5):
 PSYoungGen      total 955392K, used 955365K [0x000000076ab00000, 0x00000007c0000000, 0x00000007c0000000)
  eden space 643072K, 100% used [0x000000076ab00000,0x0000000791f00000,0x0000000791f00000)
  from space 312320K, 99% used [0x00000007acf00000,0x00000007bfff9588,0x00000007c0000000)
  to   space 377344K, 0% used [0x0000000791f00000,0x0000000791f00000,0x00000007a8f80000)
 ParOldGen       total 1135104K, used 965634K [0x00000006c0000000, 0x0000000705480000, 0x000000076ab00000)
  object space 1135104K, 85% used [0x00000006c0000000,0x00000006faf00938,0x0000000705480000)
 Metaspace       used 7052K, capacity 7672K, committed 7936K, reserved 1056768K
  class space    used 649K, capacity 688K, committed 768K, reserved 1048576K
Event: 39.546 GC heap after
Heap after GC invocations=30 (full 5):
 PSYoungGen      total 924672K, used 281517K [0x000000076ab00000, 0x00000007c0000000, 0x00000007c0000000)
  eden space 643072K, 0% used [0x000000076ab00000,0x000000076ab00000,0x0000000791f00000)
  from space 281600K, 99% used [0x0000000791f00000,0x00000007a31eb5d8,0x00000007a3200000)
  to   space 404992K, 0% used [0x00000007a7480000,0x00000007a7480000,0x00000007c0000000)
 ParOldGen       total 1135104K, used 1093435K [0x00000006c0000000, 0x0000000705480000, 0x000000076ab00000)
  object space 1135104K, 96% used [0x00000006c0000000,0x0000000702bceee8,0x0000000705480000)
 Metaspace       used 7052K, capacity 7672K, committed 7936K, reserved 1056768K
  class space    used 649K, capacity 688K, committed 768K, reserved 1048576K
}
Event: 39.546 GC heap before
{Heap before GC invocations=31 (full 6):
 PSYoungGen      total 924672K, used 281517K [0x000000076ab00000, 0x00000007c0000000, 0x00000007c0000000)
  eden space 643072K, 0% used [0x000000076ab00000,0x000000076ab00000,0x0000000791f00000)
  from space 281600K, 99% used [0x0000000791f00000,0x00000007a31eb5d8,0x00000007a3200000)
  to   space 404992K, 0% used [0x00000007a7480000,0x00000007a7480000,0x00000007c0000000)
 ParOldGen       total 1135104K, used 1093435K [0x00000006c0000000, 0x0000000705480000, 0x000000076ab00000)
  object space 1135104K, 96% used [0x00000006c0000000,0x0000000702bceee8,0x0000000705480000)
 Metaspace       used 7052K, capacity 7672K, committed 7936K, reserved 1056768K
  class space    used 649K, capacity 688K, committed 768K, reserved 1048576K
Event: 46.844 GC heap after
Heap after GC invocations=31 (full 6):
 PSYoungGen      total 924672K, used 58303K [0x000000076ab00000, 0x00000007c0000000, 0x00000007c0000000)
  eden space 643072K, 0% used [0x000000076ab00000,0x000000076ab00000,0x0000000791f00000)
  from space 281600K, 20% used [0x0000000791f00000,0x00000007957efc20,0x00000007a3200000)
  to   space 404992K, 0% used [0x00000007a7480000,0x00000007a7480000,0x00000007c0000000)
 ParOldGen       total 1572352K, used 1134836K [0x00000006c0000000, 0x000000071ff80000, 0x000000076ab00000)
  object space 1572352K, 72% used [0x00000006c0000000,0x000000070543d138,0x000000071ff80000)
 Metaspace       used 7052K, capacity 7672K, committed 7936K, reserved 1056768K
  class space    used 649K, capacity 688K, committed 768K, reserved 1048576K
}

